
[20130523 10:58:01] begin crawl http://www.bjjs.gov.cn/tabid/2167/Default.aspx
[20130523 10:58:09] write file /search/secondfund/data/fund.out.20130522
[20130523 10:58:09] 20130522 second fund sell no is 385
[20130523 10:58:09] insert into secondfund values('20130522','385')
# On branch master
# Changes not staged for commit:
#   (use "git add/rm <file>..." to update what will be committed)
#   (use "git checkout -- <file>..." to discard changes in working directory)
#
#	modified:   crawl.log
#	deleted:    data/test
#	modified:   run.sh
#
no changes added to commit (use "git add" and/or "git commit -a")
Everything up-to-date
Branch master set up to track remote branch master from origin.
***************20130524 begin crawl web **************************************
[20130524 08:00:02] begin crawl http://www.bjjs.gov.cn/tabid/2167/Default.aspx
[20130524 08:00:02] write file /search/secondfund/data/fund.out.20130523
[20130524 08:00:02] 20130523 second fund sell no is 349
[20130524 08:00:02] insert into secondfund values('20130523','349')
[master 450b9a7] 20130524 add crawl data
 1 files changed, 5 insertions(+), 0 deletions(-)
To git@github.com:YouYouCook/secondfund.git
   75d6f36..450b9a7  master -> master
Branch master set up to track remote branch master from origin.
***************20130524 begin crawl web **************************************
[20130524 11:04:01] begin crawl http://www.bjjs.gov.cn/tabid/2167/Default.aspx
[20130524 11:04:02] write file /search/secondfund/data/fund.out.20130523
[20130524 11:04:02] 20130523 second fund sell no is 349
[20130524 11:04:02] insert into secondfund values('20130523','349')
Traceback (most recent call last):
  File "/search/secondfund/crawl.py", line 46, in ?
    insertToDb(yestStr,sN)
  File "/search/secondfund/crawl.py", line 16, in insertToDb
    cur.execute(sqlStr);
  File "/usr/lib64/python2.4/site-packages/MySQLdb/cursors.py", line 163, in execute
    self.errorhandler(self, exc, value)
  File "/usr/lib64/python2.4/site-packages/MySQLdb/connections.py", line 35, in defaulterrorhandler
    raise errorclass, errorvalue
_mysql_exceptions.IntegrityError: (1062, "Duplicate entry '20130523' for key 1")
[master 3ec869e] 20130524 add crawl data
 1 files changed, 15 insertions(+), 0 deletions(-)
To git@github.com:YouYouCook/secondfund.git
   a144c83..3ec869e  master -> master
Branch master set up to track remote branch master from origin.
***************20130525 begin crawl web **************************************
[20130525 11:04:01] begin crawl http://www.bjjs.gov.cn/tabid/2167/Default.aspx
[20130525 11:04:17] write file /search/secondfund/data/fund.out.20130524
[20130525 11:04:17] 20130524 second fund sell no is 434
[20130525 11:04:17] insert into secondfund values('20130524','434')
